<?xml version="1.0" encoding="UTF-8"?>
<!-- Generated by org.testng.reporters.JUnitReportReporter -->
<testsuite skipped="0" hostname="WIN10DESKTOP" name="org.amazon.Amazon" tests="1" failures="0" timestamp="18 Mar 2022 06:41:20 GMT" time="56.565" errors="0">
  <testcase name="test1" time="56.565" classname="org.amazon.Amazon"/>
</testsuite> <!-- org.amazon.Amazon -->
